irun(64): 15.20-s051: (c) Copyright 1995-2018 Cadence Design Systems, Inc.
TOOL:	irun(64)	15.20-s051: Started on Apr 04, 2022 at 17:18:15 IST
irun
	and1_tb.v
	and1.v
file: and1_tb.v
	module worklib.and1_tb:v
		errors: 0, warnings: 0
	module worklib.and1:v
		errors: 0, warnings: 0
file: and1.v
module and1
          |
ncvlog: *W,RECOME (and1.v,1|10): recompiling design unit worklib.and1:v.
	First compiled from line 23 of and1_tb.v.
input a,b;
    |
ncvlog: *E,EXPSMC (and1.v,2|4): expecting a semicolon (';') [12.1(IEEE)].
	module worklib.and1:v
		errors: 1, warnings: 1
irun: *E,VLGERR: An error occurred during parsing.  Review the log file for errors with the code *E and fix those identified problems to proceed.  Exiting with code (status 1).
TOOL:	irun(64)	15.20-s051: Exiting on Apr 04, 2022 at 17:18:15 IST  (total: 00:00:00)
