irun(64): 15.20-s051: (c) Copyright 1995-2018 Cadence Design Systems, Inc.
TOOL:	irun(64)	15.20-s051: Started on Apr 04, 2022 at 15:07:39 IST
irun
	GCD_TB.v
	GCD.v
file: GCD_TB.v
	module worklib.GCD_test:v
		errors: 0, warnings: 0
file: GCD.v
	module worklib.GCD_datapath:v
		errors: 0, warnings: 0
	module worklib.PIPO:v
		errors: 0, warnings: 0
	module worklib.SUB:v
		errors: 0, warnings: 0
	module worklib.COMPARE:v
		errors: 0, warnings: 0
	module worklib.MUX:v
		errors: 0, warnings: 0
	module worklib.controller:v
		errors: 0, warnings: 0
		Caching library 'worklib' ....... Done
	Elaborating the design hierarchy:
	Top level design units:
		GCD_test
	Building instance overlay tables: .................... Done
	Generating native compiled code:
		worklib.COMPARE:v <0x38501ca6>
			streams:   1, words:   387
		worklib.GCD_test:v <0x2c81cf24>
			streams:   5, words:  4786
		worklib.MUX:v <0x7a8d5c24>
			streams:   1, words:   208
		worklib.PIPO:v <0x389e2443>
			streams:   2, words:   407
		worklib.SUB:v <0x3dbe6946>
			streams:   1, words:   224
		worklib.controller:v <0x70486cc5>
			streams:   3, words:  3722
	Building instance specific data structures.
	Loading native compiled code:     .................... Done
	Design hierarchy summary:
		             Instances  Unique
		Modules:            10       7
		Registers:          15      14
		Scalar wires:       12       -
		Vectored wires:      7       -
		Always blocks:       6       5
		Initial blocks:      3       3
		Cont. assignments:   4       4
	Writing initial simulation snapshot: worklib.GCD_test:v
Loading snapshot worklib.GCD_test:v .................... Done
ncsim> source /cad_area/install/INCISIVE152/tools/inca/files/ncsimrc
ncsim> run
ncsim: *W,DVEXACC: some objects excluded from $dumpvars due to access restrictions, use +access+r on command line for access to all objects.
            File: ./GCD_TB.v, line = 24, pos = 8
           Scope: GCD_test
            Time: 0 FS + 0

                   0    x x
                   5    x 0
                  15  143 0
                  45   65 0
                  65   52 0
                  75   39 0
                  85   26 0
                  95   13 0
                  97   13 1
Simulation complete via $finish(1) at time 1003 NS + 0
./GCD_TB.v:12 #1000 $finish;
ncsim> exit
TOOL:	irun(64)	15.20-s051: Exiting on Apr 04, 2022 at 15:07:40 IST  (total: 00:00:01)
