Running: C:\Xilinx\14.7\ISE_DS\ISE\bin\nt64\unwrapped\fuse.exe -intstyle ise -incremental -lib unisims_ver -lib unimacro_ver -lib xilinxcorelib_ver -o C:/Users/Priya/Desktop/Project/new_uart/uart_test_isim_beh.exe -prj C:/Users/Priya/Desktop/Project/new_uart/uart_test_beh.prj work.uart_test work.glbl 
ISim P.20131013 (signature 0x7708f090)
Number of CPUs detected in this system: 8
Turning on mult-threading, number of parallel sub-compilation jobs: 16 
Determining compilation order of HDL files
Analyzing Verilog file "C:/Users/Priya/Desktop/Project/new_uart/uart_test.v" into library work
WARNING:HDLCompiler:693 - "uart_rx.v" Line 30: Parameter declaration becomes local in uart_rx with formal parameter declaration list
WARNING:HDLCompiler:693 - "uart_tx.v" Line 32: Parameter declaration becomes local in uart_tx with formal parameter declaration list
Analyzing Verilog file "C:/Xilinx/14.7/ISE_DS/ISE//verilog/src/glbl.v" into library work
Starting static elaboration
Completed static elaboration
Compiling module uart_rx(clk_p_bit=104.166)
Compiling module uart_tx(clk_p_bit=104.166)
Compiling module uart_test
Compiling module glbl
Time Resolution for simulation is 1ps.
Waiting for 1 sub-compilation(s) to finish...
Compiled 4 Verilog Units
Built simulation executable C:/Users/Priya/Desktop/Project/new_uart/uart_test_isim_beh.exe
Fuse Memory Usage: 30072 KB
Fuse CPU Usage: 624 ms
