irun(64): 15.20-s051: (c) Copyright 1995-2018 Cadence Design Systems, Inc.
TOOL:	irun(64)	15.20-s051: Started on Apr 04, 2022 at 15:03:08 IST
irun
	pipe2_test.v
	pipe_ex2.v
file: pipe2_test.v
	module worklib.pipe2_test:v
		errors: 0, warnings: 0
file: pipe_ex2.v
	module worklib.pipe_ex2:v
		errors: 0, warnings: 0
		Caching library 'worklib' ....... Done
	Elaborating the design hierarchy:
	Top level design units:
		pipe2_test
	Building instance overlay tables: .................... Done
	Generating native compiled code:
		worklib.pipe2_test:v <0x2eb287df>
			streams:   5, words: 10182
		worklib.pipe_ex2:v <0x0dd10742>
			streams:  15, words:  8914
	Building instance specific data structures.
	Loading native compiled code:     .................... Done
	Design hierarchy summary:
		             Instances  Unique
		Modules:             2       2
		Registers:          20      20
		Scalar wires:        2       -
		Vectored wires:      6       -
		Always blocks:       4       4
		Initial blocks:      4       4
		Cont. assignments:   0       1
	Writing initial simulation snapshot: worklib.pipe2_test:v
Loading snapshot worklib.pipe2_test:v .................... Done
ncsim> source /cad_area/install/INCISIVE152/tools/inca/files/ncsimrc
ncsim> run
ncsim: *W,DVEXACC: some objects excluded from $dumpvars due to access restrictions, use +access+r on command line for access to all objects.
            File: ./pipe2_test.v, line = 36, pos = 8
           Scope: pipe2_test
            Time: 0 FS + 0

Time:   0, F =   x
Time:  27, F =   8
Time:  47, F =  24
Time:  67, F =   3
Time:  87, F =  14
Time: 107, F =   3
Time: 127, F =  38
mem[125] =   8
mem[126] =  24
mem[127] =  14
mem[128] =   3
mem[129] =   3
mem[130] =  38
Simulation complete via $finish(1) at time 300 NS + 0
./pipe2_test.v:38 #300 $finish;
ncsim> exit
TOOL:	irun(64)	15.20-s051: Exiting on Apr 04, 2022 at 15:03:12 IST  (total: 00:00:04)
