ncsim(64): 15.20-s051: (c) Copyright 1995-2018 Cadence Design Systems, Inc.

-------------------------------------
Relinquished control to SimVision...
ncsim> 
ncsim> database -open waves -into waves.shm -default
Created default SHM database waves
ncsim> probe -create -shm pipe2_test.Z pipe2_test.addr pipe2_test.clk1 pipe2_test.clk2 pipe2_test.func pipe2_test.k pipe2_test.rd pipe2_test.rs1 pipe2_test.rs2
Created probe 1
ncsim> run
Time:   0, F =   x
Time:  27, F =   8
Time:  47, F =  24
Time:  67, F =   3
Time:  87, F =  14
Time: 107, F =   3
Time: 127, F =  38
mem[125] =   8
mem[126] =  24
mem[127] =  14
mem[128] =   3
mem[129] =   3
mem[130] =  38
Simulation complete via $finish(1) at time 300 NS + 0
./pipe2_test.v:38 #300 $finish;
ncsim> ^C
ncsim> exit
ncsim: Memory Usage - 38.6M program + 183.2M data = 221.8M total (226.4M Peak)
ncsim: CPU Usage - 1.3s system + 1.1s user = 2.4s total (55.4s, 4.3% cpu)
